{
  "RSpec": {
    "coverage": {
      "/home/kgirthofer/cookbooks/devops_cookbooks/delphic_snapshots/spec/recipes/cron_spec.rb": [
        1,
        null,
        1,
        1,
        1,
        null,
        null,
        null,
        7,
        null,
        1,
        6,
        6,
        null,
        null,
        null,
        null,
        1,
        1,
        1,
        1,
        null,
        null,
        2,
        null,
        null,
        1,
        1,
        1,
        1,
        null,
        null,
        2,
        null,
        null,
        1,
        1,
        1,
        1,
        null,
        null,
        2,
        null,
        null,
        1,
        1,
        1,
        1,
        null,
        null,
        2,
        null,
        null,
        1,
        1,
        1,
        1,
        null,
        null,
        2,
        null,
        null,
        1,
        2,
        null,
        null
      ],
      "/home/kgirthofer/cookbooks/devops_cookbooks/delphic_snapshots/spec/recipes/default_spec.rb": [
        1,
        null,
        null,
        null,
        null,
        null,
        1,
        2,
        5,
        null,
        1,
        4,
        null,
        4,
        null,
        null,
        1,
        2,
        2,
        2,
        2,
        null,
        null
      ],
      "/home/kgirthofer/cookbooks/devops_cookbooks/delphic_snapshots/spec/recipes/ec2-snapshots_spec.rb": [
        1,
        null,
        1,
        1,
        1,
        null,
        null,
        null,
        2,
        null,
        1,
        1,
        1,
        null,
        null,
        null,
        null,
        1,
        2,
        null,
        null
      ]
    },
    "timestamp": 1468850641
  }
}
